<?xml version="1.0" encoding="UTF-8"?>
<robot generator="Robot 7.4.1 (Python 3.14.3 on win32)" generated="2026-02-26T00:05:04.553120" rpa="false" schemaversion="5">
<suite id="s1" name="SAMPLE" source="C:\AutomationCrownMotorCarsPH\robot-framework-project\tests\customer\SAMPLE.robot">
<test id="s1-t1" name="Sample Test Case" line="6">
<kw name="Open Browser Session" owner="browser">
<kw name="Run Keyword If" owner="BuiltIn">
<kw name="Open Headless Browser" owner="browser">
<kw name="Evaluate" owner="BuiltIn">
<msg time="2026-02-26T00:05:04.751079" level="INFO">${options} = &lt;selenium.webdriver.chrome.options.Options object at 0x000002BC21F48AD0&gt;</msg>
<var>${options}</var>
<arg>sys.modules['selenium.webdriver'].ChromeOptions()</arg>
<arg>sys, selenium.webdriver</arg>
<doc>Evaluates the given expression in Python and returns the result.</doc>
<status status="PASS" start="2026-02-26T00:05:04.748780" elapsed="0.002332"/>
</kw>
<kw name="Call Method" owner="BuiltIn">
<msg time="2026-02-26T00:05:04.751457" level="FAIL">Calling method 'add_argument' failed: TypeError: ArgOptions.add_argument() got an unexpected keyword argument '--headless'</msg>
<arg>${options}</arg>
<arg>add_argument</arg>
<arg>--headless=new</arg>
<doc>Calls the named method of the given object with the provided arguments.</doc>
<status status="FAIL" start="2026-02-26T00:05:04.751218" elapsed="0.000376">Calling method 'add_argument' failed: TypeError: ArgOptions.add_argument() got an unexpected keyword argument '--headless'</status>
</kw>
<kw name="Call Method" owner="BuiltIn">
<arg>${options}</arg>
<arg>add_argument</arg>
<arg>--window-size=1920,1080</arg>
<doc>Calls the named method of the given object with the provided arguments.</doc>
<status status="NOT RUN" start="2026-02-26T00:05:04.751688" elapsed="0.000018"/>
</kw>
<kw name="Call Method" owner="BuiltIn">
<arg>${options}</arg>
<arg>add_argument</arg>
<arg>--disable-gpu</arg>
<doc>Calls the named method of the given object with the provided arguments.</doc>
<status status="NOT RUN" start="2026-02-26T00:05:04.751769" elapsed="0.000014"/>
</kw>
<kw name="Call Method" owner="BuiltIn">
<arg>${options}</arg>
<arg>add_argument</arg>
<arg>--no-sandbox</arg>
<doc>Calls the named method of the given object with the provided arguments.</doc>
<status status="NOT RUN" start="2026-02-26T00:05:04.751837" elapsed="0.000013"/>
</kw>
<kw name="Open Browser" owner="SeleniumLibrary">
<arg>${URL}</arg>
<arg>chrome</arg>
<arg>options=${options}</arg>
<doc>Opens a new browser instance to the optional ``url``.</doc>
<status status="NOT RUN" start="2026-02-26T00:05:04.751923" elapsed="0.000015"/>
</kw>
<arg>${URL}</arg>
<arg>${BROWSER}</arg>
<status status="FAIL" start="2026-02-26T00:05:04.748584" elapsed="0.003428">Calling method 'add_argument' failed: TypeError: ArgOptions.add_argument() got an unexpected keyword argument '--headless'</status>
</kw>
<arg>'${HEADLESS}'=='True'</arg>
<arg>Open Headless Browser</arg>
<arg>${URL}</arg>
<arg>${BROWSER}</arg>
<arg>ELSE</arg>
<arg>Open Normal Browser</arg>
<arg>${URL}</arg>
<arg>${BROWSER}</arg>
<doc>Runs the given keyword with the given arguments, if ``condition`` is true.</doc>
<status status="FAIL" start="2026-02-26T00:05:04.748115" elapsed="0.003934">Calling method 'add_argument' failed: TypeError: ArgOptions.add_argument() got an unexpected keyword argument '--headless'</status>
</kw>
<arg>${CUSTOMER_URL}</arg>
<arg>${BROWSER}</arg>
<status status="FAIL" start="2026-02-26T00:05:04.746963" elapsed="0.005151">Calling method 'add_argument' failed: TypeError: ArgOptions.add_argument() got an unexpected keyword argument '--headless'</status>
</kw>
<kw name="Close Browser" owner="SeleniumLibrary" type="TEARDOWN">
<doc>Closes the current browser.</doc>
<status status="PASS" start="2026-02-26T00:05:04.752764" elapsed="0.000189"/>
</kw>
<doc>https://carldagangon00.atlassian.net/browse/SCRUM-6</doc>
<status status="FAIL" start="2026-02-26T00:05:04.745791" elapsed="0.007376">Calling method 'add_argument' failed: TypeError: ArgOptions.add_argument() got an unexpected keyword argument '--headless'</status>
</test>
<status status="FAIL" start="2026-02-26T00:05:04.555213" elapsed="0.198454"/>
</suite>
<statistics>
<total>
<stat pass="0" fail="1" skip="0">All Tests</stat>
</total>
<tag>
</tag>
<suite>
<stat name="SAMPLE" id="s1" pass="0" fail="1" skip="0">SAMPLE</stat>
</suite>
</statistics>
<errors>
</errors>
</robot>
